{"name": "test_goto_by_yandex_logo_from_main_page", "status": "broken", "statusDetails": {"message": "selenium.common.exceptions.TimeoutException: Message: \nStacktrace:\nRemoteError@chrome://remote/content/shared/RemoteError.sys.mjs:8:8\nWebDriverError@chrome://remote/content/shared/webdriver/Errors.sys.mjs:183:5\nNoSuchElementError@chrome://remote/content/shared/webdriver/Errors.sys.mjs:395:5\nelement.find/</<@chrome://remote/content/marionette/element.sys.mjs:134:16", "trace": "self = <tests.test_goto_by_logo.TestGotoByLogo object at 0x000002893BD844C0>, driver = <selenium.webdriver.firefox.webdriver.WebDriver (session=\"efa2c148-0cc2-431b-8aa8-6eb055385d06\")>\n\n    def test_goto_by_yandex_logo_from_main_page(self, driver):\n        main_page = MainPageScooter(driver)\n        main_page.click_yandex_logo()\n        driver.switch_to.window(driver.window_handles[1])\n>       main_page.wait_for_load_enter_button()\n\ntests\\test_goto_by_logo.py:13: \n_ _ _ _ _ _ _ _ _ _ _ _ _ _ _ _ _ _ _ _ _ _ _ _ _ _ _ _ _ _ _ _ _ _ _ _ _ _ _ _ _ _ _ _ _ _ _ _ _ _ _ _ _ _ _ _ _ _ _ _ _ _ _ _ _ _ _ _ _ _ _ _ _ _ _ _ _ _ _ _ _ _ _ _ _ _ _ _ _ _ _ _\npages\\main_page.py:23: in wait_for_load_enter_button\n    self.wait_element(BaseLocators.enter_button)\npages\\base_page.py:16: in wait_element\n    WebDriverWait(self.driver, 10).until(\n_ _ _ _ _ _ _ _ _ _ _ _ _ _ _ _ _ _ _ _ _ _ _ _ _ _ _ _ _ _ _ _ _ _ _ _ _ _ _ _ _ _ _ _ _ _ _ _ _ _ _ _ _ _ _ _ _ _ _ _ _ _ _ _ _ _ _ _ _ _ _ _ _ _ _ _ _ _ _ _ _ _ _ _ _ _ _ _ _ _ _ _\n\nself = <selenium.webdriver.support.wait.WebDriverWait (session=\"efa2c148-0cc2-431b-8aa8-6eb055385d06\")>\nmethod = <function visibility_of_element_located.<locals>._predicate at 0x000002893BD9AB90>, message = ''\n\n    def until(self, method, message: str = \"\"):\n        \"\"\"Calls the method provided with the driver as an argument until the \\\n        return value does not evaluate to ``False``.\n    \n        :param method: callable(WebDriver)\n        :param message: optional message for :exc:`TimeoutException`\n        :returns: the result of the last call to `method`\n        :raises: :exc:`selenium.common.exceptions.TimeoutException` if timeout occurs\n        \"\"\"\n        screen = None\n        stacktrace = None\n    \n        end_time = time.monotonic() + self._timeout\n        while True:\n            try:\n                value = method(self._driver)\n                if value:\n                    return value\n            except self._ignored_exceptions as exc:\n                screen = getattr(exc, \"screen\", None)\n                stacktrace = getattr(exc, \"stacktrace\", None)\n            time.sleep(self._poll)\n            if time.monotonic() > end_time:\n                break\n>       raise TimeoutException(message, screen, stacktrace)\nE       selenium.common.exceptions.TimeoutException: Message: \nE       Stacktrace:\nE       RemoteError@chrome://remote/content/shared/RemoteError.sys.mjs:8:8\nE       WebDriverError@chrome://remote/content/shared/webdriver/Errors.sys.mjs:183:5\nE       NoSuchElementError@chrome://remote/content/shared/webdriver/Errors.sys.mjs:395:5\nE       element.find/</<@chrome://remote/content/marionette/element.sys.mjs:134:16\n\n..\\..\\AppData\\Local\\Programs\\Python\\Python310\\lib\\site-packages\\selenium\\webdriver\\support\\wait.py:95: TimeoutException"}, "start": 1684335638869, "stop": 1684335650606, "uuid": "610d7024-5ba1-4ae9-8c0e-96fb42428ead", "historyId": "06a15a0eda65dd3b8c24b6c43e4d3a00", "testCaseId": "06a15a0eda65dd3b8c24b6c43e4d3a00", "fullName": "tests.test_goto_by_logo.TestGotoByLogo#test_goto_by_yandex_logo_from_main_page", "labels": [{"name": "parentSuite", "value": "tests"}, {"name": "suite", "value": "test_goto_by_logo"}, {"name": "subSuite", "value": "TestGotoByLogo"}, {"name": "host", "value": "DESKTOP-DIRURV8"}, {"name": "thread", "value": "7672-MainThread"}, {"name": "framework", "value": "pytest"}, {"name": "language", "value": "cpython3"}, {"name": "package", "value": "tests.test_goto_by_logo"}]}